{
  "RSpec": {
    "coverage": {
      "/Users/erumsanwari/school_mgmt/spec/controllers/teachers_controller_spec.rb": [
        1,
        null,
        1,
        1,
        1,
        1,
        1,
        1,
        null,
        null,
        1,
        1,
        1,
        1,
        1,
        null,
        null,
        1,
        1,
        1,
        1,
        null,
        null,
        1,
        1,
        1,
        1,
        1,
        null,
        null,
        1,
        1,
        1,
        1,
        1,
        1,
        1,
        null,
        1,
        1,
        1,
        1,
        1,
        1,
        1,
        null,
        null,
        1,
        1,
        1,
        1,
        1,
        null,
        null,
        null,
        null,
        1,
        1,
        1,
        1,
        1,
        1,
        1,
        null,
        null,
        1,
        1,
        1,
        1,
        null,
        1,
        1,
        1,
        null,
        1,
        1,
        1,
        null,
        1,
        1,
        1,
        null,
        null,
        1,
        1,
        1,
        1,
        1,
        1,
        null,
        1,
        1,
        1,
        1,
        null,
        1,
        1,
        1,
        1,
        1,
        1,
        null,
        1,
        1,
        1,
        1,
        1,
        1,
        null,
        null,
        1,
        1,
        1,
        1,
        1,
        1,
        null,
        null,
        null,
        null
      ],
      "/Users/erumsanwari/school_mgmt/spec/rails_helper.rb": [
        1,
        1,
        null,
        null,
        1,
        1,
        1,
        null,
        1,
        1,
        null,
        null,
        null,
        null,
        null,
        null,
        null,
        null,
        null,
        null,
        null,
        null,
        null,
        null,
        null,
        null,
        null,
        null,
        null,
        1,
        null,
        1,
        null,
        1,
        null,
        null,
        null,
        null,
        1,
        null,
        null,
        null,
        null,
        null,
        null,
        null,
        null,
        null,
        null,
        null,
        null,
        null,
        null,
        1,
        null,
        null,
        1,
        null,
        null,
        null
      ],
      "/Users/erumsanwari/school_mgmt/config/environment.rb": [
        null,
        1,
        null,
        null,
        1
      ],
      "/Users/erumsanwari/school_mgmt/config/application.rb": [
        1,
        null,
        1,
        null,
        null,
        null,
        1,
        null,
        1,
        1,
        null,
        null,
        null,
        null,
        null,
        null,
        null,
        null,
        null,
        null,
        null,
        null,
        null,
        1,
        null,
        null
      ],
      "/Users/erumsanwari/school_mgmt/config/boot.rb": [
        1,
        null,
        1
      ],
      "/Users/erumsanwari/school_mgmt/config/environments/test.rb": [
        1,
        null,
        null,
        null,
        null,
        null,
        null,
        1,
        null,
        null,
        null,
        null,
        1,
        null,
        null,
        1,
        1,
        null,
        null,
        1,
        1,
        null,
        null,
        1,
        null,
        null,
        1,
        null,
        null,
        null,
        null,
        1,
        null,
        null,
        1,
        null,
        null,
        1,
        null,
        null,
        null,
        null
      ],
      "/Users/erumsanwari/school_mgmt/config/initializers/assets.rb": [
        null,
        null,
        null,
        1,
        null,
        null,
        null,
        null,
        null,
        null,
        null
      ],
      "/Users/erumsanwari/school_mgmt/config/initializers/backtrace_silencers.rb": [
        null,
        null,
        null,
        null,
        null,
        null,
        null
      ],
      "/Users/erumsanwari/school_mgmt/config/initializers/cookies_serializer.rb": [
        null,
        null,
        1
      ],
      "/Users/erumsanwari/school_mgmt/config/initializers/filter_parameter_logging.rb": [
        null,
        null,
        null,
        1
      ],
      "/Users/erumsanwari/school_mgmt/config/initializers/inflections.rb": [
        null,
        null,
        null,
        null,
        null,
        null,
        null,
        null,
        null,
        null,
        null,
        null,
        null,
        null,
        null,
        null
      ],
      "/Users/erumsanwari/school_mgmt/config/initializers/mime_types.rb": [
        null,
        null,
        null,
        null
      ],
      "/Users/erumsanwari/school_mgmt/config/initializers/session_store.rb": [
        null,
        null,
        1
      ],
      "/Users/erumsanwari/school_mgmt/config/initializers/to_time_preserves_timezone.rb": [
        null,
        null,
        null,
        null,
        null,
        null,
        null,
        null,
        null,
        1
      ],
      "/Users/erumsanwari/school_mgmt/config/initializers/wrap_parameters.rb": [
        null,
        null,
        null,
        null,
        null,
        null,
        1,
        1,
        null,
        null,
        null,
        null,
        null,
        null
      ],
      "/Users/erumsanwari/school_mgmt/spec/factories/classrooms.rb": [
        1,
        1,
        1,
        1,
        1,
        null,
        null
      ],
      "/Users/erumsanwari/school_mgmt/spec/factories/schools.rb": [
        1,
        1,
        1,
        1,
        1,
        null,
        null
      ],
      "/Users/erumsanwari/school_mgmt/spec/factories/students.rb": [
        1,
        1,
        1,
        1,
        1,
        1,
        null,
        null
      ],
      "/Users/erumsanwari/school_mgmt/spec/factories/subjects.rb": [
        1,
        1,
        1,
        1,
        null,
        null
      ],
      "/Users/erumsanwari/school_mgmt/spec/factories/teachers.rb": [
        1,
        1,
        1,
        1,
        1,
        null,
        null
      ],
      "/Users/erumsanwari/school_mgmt/config/routes.rb": [
        1,
        1,
        1,
        1,
        1,
        1,
        null
      ],
      "/Users/erumsanwari/school_mgmt/app/helpers/application_helper.rb": [
        1,
        null
      ],
      "/Users/erumsanwari/school_mgmt/app/controllers/teachers_controller.rb": [
        1,
        1,
        null,
        1,
        1,
        1,
        2,
        1,
        null,
        null,
        null,
        1,
        2,
        1,
        2,
        1,
        null,
        null,
        1,
        2,
        1,
        null,
        null,
        null,
        1,
        1,
        null,
        null,
        1,
        5,
        5,
        1,
        2,
        1,
        null,
        null,
        4,
        8,
        4,
        null,
        null,
        null,
        null,
        1,
        6,
        5,
        2,
        4,
        2,
        null,
        null,
        1,
        2,
        1,
        null,
        null,
        null,
        3,
        6,
        3,
        null,
        null,
        null,
        1,
        2,
        1,
        1,
        2,
        1,
        null,
        null,
        1,
        2,
        1,
        null,
        null,
        null,
        1,
        null,
        1,
        10,
        null,
        null
      ],
      "/Users/erumsanwari/school_mgmt/app/controllers/application_controller.rb": [
        1,
        null,
        null,
        1,
        null
      ],
      "/Users/erumsanwari/school_mgmt/app/models/teacher.rb": [
        1,
        1,
        1,
        1,
        1,
        1,
        1,
        1,
        null
      ],
      "/Users/erumsanwari/school_mgmt/app/models/student_teacher.rb": [
        1,
        1,
        1,
        null
      ],
      "/Users/erumsanwari/school_mgmt/app/models/student.rb": [
        1,
        1,
        1,
        1,
        1,
        1,
        1,
        1,
        1,
        null
      ],
      "/Users/erumsanwari/school_mgmt/app/models/school.rb": [
        1,
        1,
        1,
        1,
        1,
        1,
        1,
        1,
        null
      ],
      "/Users/erumsanwari/school_mgmt/app/models/subject.rb": [
        1,
        1,
        1,
        1,
        1,
        1,
        1,
        null
      ]
    },
    "timestamp": 1516558762
  }
}
